0 info it worked if it ends with ok
1 verbose cli [ 'H:\\Program Files\\nodejs\\\\node.exe',
1 verbose cli   'H:\\Program Files\\nodejs\\node_modules\\npm\\bin\\npm-cli.js',
1 verbose cli   'install' ]
2 info using npm@1.2.25
3 info using node@v0.10.10
4 verbose node symlink H:\Program Files\nodejs\\node.exe
5 verbose read json I:\workspace\threejs-playground\three.js\utils\build\package.json
6 warn package.json three.js@50dev No readme data.
7 error install Couldn't read dependencies
8 error Error: invalid version: 50dev
8 error     at Object.module.exports.fixVersionField (H:\Program Files\nodejs\node_modules\npm\node_modules\read-package-json\node_modules\normalize-package-data\lib\fixer.js:84:13)
8 error     at H:\Program Files\nodejs\node_modules\npm\node_modules\read-package-json\node_modules\normalize-package-data\lib\normalize.js:28:38
8 error     at Array.forEach (native)
8 error     at normalize (H:\Program Files\nodejs\node_modules\npm\node_modules\read-package-json\node_modules\normalize-package-data\lib\normalize.js:27:15)
8 error     at final (H:\Program Files\nodejs\node_modules\npm\node_modules\read-package-json\read-json.js:304:33)
8 error     at then (H:\Program Files\nodejs\node_modules\npm\node_modules\read-package-json\read-json.js:118:48)
8 error     at H:\Program Files\nodejs\node_modules\npm\node_modules\read-package-json\read-json.js:278:48
8 error     at fs.js:207:20
8 error     at Object.oncomplete (fs.js:107:15)
9 error If you need help, you may report this log at:
9 error     <http://github.com/isaacs/npm/issues>
9 error or email it to:
9 error     <npm-@googlegroups.com>
10 error System Windows_NT 6.1.7601
11 error command "H:\\Program Files\\nodejs\\\\node.exe" "H:\\Program Files\\nodejs\\node_modules\\npm\\bin\\npm-cli.js" "install"
12 error cwd I:\workspace\threejs-playground\three.js\utils\build
13 error node -v v0.10.10
14 error npm -v 1.2.25
15 verbose exit [ 1, true ]
